Vivado Simulator v2021.2
Copyright 1986-1999, 2001-2021 Xilinx, Inc. All Rights Reserved.
Running: C:/Xilinx/Vivado/2021.2/bin/unwrapped/win64.o/xelab.exe --incr --debug typical --relax --mt 2 --maxdelay -L xil_defaultlib -L simprims_ver -L secureip --snapshot tb_control_delta_time_impl -transport_int_delays -pulse_r 0 -pulse_int_r 0 -pulse_e 0 -pulse_int_e 0 xil_defaultlib.tb_control_delta xil_defaultlib.glbl -log elaborate.log 
Using 2 slave threads.
WARNING: [XSIM 43-3431] One or more environment variables have been detected which affect the operation of the C compiler. These are typically not set in standard installations and are not tested by Xilinx, however they may be appropriate for your system, so the flow will attempt to continue.  If errors occur, try running xelab with the "-mt off -v 1" switches to see more information from the C compiler. The following environment variables have been detected:
Starting static elaboration
Pass Through NonSizing Optimizer
Completed static elaboration
Starting simulation data flow analysis
Completed simulation data flow analysis
Time Resolution for simulation is 1ps
Compiling package std.standard
Compiling package std.textio
Compiling package ieee.std_logic_1164
Compiling package ieee.fixed_float_types
Compiling package ieee.numeric_std
Compiling package ieee.fixed_pkg
Compiling package ieee.math_real
Compiling package ieee.std_logic_textio
Compiling module xil_defaultlib.glbl
Compiling architecture behavioral of entity xil_defaultlib.Bloq_Register [\Bloq_Register(int_be=4,int_be_p...]
Compiling architecture behavioral of entity xil_defaultlib.Bloq_Register [\Bloq_Register(int_be=9,int_be_p...]
Compiling architecture behavioral of entity xil_defaultlib.Bloq_Register [\Bloq_Register(int_be=13,int_be_...]
Compiling architecture behavioral of entity xil_defaultlib.Bloq_Register [\Bloq_Register(int_be=11,int_be_...]
Compiling architecture behavioral of entity xil_defaultlib.controller_delta_adc [\controller_delta_adc(g_a1="0000...]
Compiling architecture behavioral of entity xil_defaultlib.tb_control_delta
Built simulation snapshot tb_control_delta_time_impl
